{"/Users/alexandercatagna/Documents/ProyectoJoel/Xtrim-Back-End/src/application/use-cases/auth/LoginUseCase.ts": {"path":"/Users/alexandercatagna/Documents/ProyectoJoel/Xtrim-Back-End/src/application/use-cases/auth/LoginUseCase.ts","statementMap":{"0":{"start":{"line":4,"column":22},"end":{"line":4,"column":46}},"1":{"start":{"line":7,"column":26},"end":{"line":7,"column":52}},"2":{"start":{"line":8,"column":26},"end":{"line":8,"column":52}},"3":{"start":{"line":10,"column":4},"end":{"line":12,"column":5}},"4":{"start":{"line":11,"column":6},"end":{"line":11,"column":50}},"5":{"start":{"line":14,"column":18},"end":{"line":14,"column":77}},"6":{"start":{"line":15,"column":4},"end":{"line":15,"column":21}},"7":{"start":{"line":3,"column":0},"end":{"line":3,"column":13}}},"fnMap":{"0":{"name":"(anonymous_0)","decl":{"start":{"line":4,"column":2},"end":{"line":4,"column":22}},"loc":{"start":{"line":4,"column":46},"end":{"line":4,"column":50}}},"1":{"name":"(anonymous_1)","decl":{"start":{"line":6,"column":2},"end":{"line":6,"column":9}},"loc":{"start":{"line":6,"column":44},"end":{"line":16,"column":3}}}},"branchMap":{"0":{"loc":{"start":{"line":10,"column":4},"end":{"line":12,"column":5}},"type":"if","locations":[{"start":{"line":10,"column":4},"end":{"line":12,"column":5}},{"start":{},"end":{}}]},"1":{"loc":{"start":{"line":10,"column":8},"end":{"line":10,"column":64}},"type":"binary-expr","locations":[{"start":{"line":10,"column":8},"end":{"line":10,"column":34}},{"start":{"line":10,"column":38},"end":{"line":10,"column":64}}]}},"s":{"0":5,"1":5,"2":5,"3":5,"4":4,"5":1,"6":1,"7":1},"f":{"0":5,"1":5},"b":{"0":[4,1],"1":[5,3]}}
,"/Users/alexandercatagna/Documents/ProyectoJoel/Xtrim-Back-End/src/application/use-cases/lead/CreateLeadUseCase.ts": {"path":"/Users/alexandercatagna/Documents/ProyectoJoel/Xtrim-Back-End/src/application/use-cases/lead/CreateLeadUseCase.ts","statementMap":{"0":{"start":{"line":5,"column":22},"end":{"line":5,"column":52}},"1":{"start":{"line":8,"column":4},"end":{"line":8,"column":39}},"2":{"start":{"line":9,"column":4},"end":{"line":9,"column":44}},"3":{"start":{"line":4,"column":0},"end":{"line":4,"column":13}}},"fnMap":{"0":{"name":"(anonymous_0)","decl":{"start":{"line":5,"column":2},"end":{"line":5,"column":22}},"loc":{"start":{"line":5,"column":52},"end":{"line":5,"column":56}}},"1":{"name":"(anonymous_1)","decl":{"start":{"line":7,"column":2},"end":{"line":7,"column":7}},"loc":{"start":{"line":7,"column":26},"end":{"line":10,"column":3}}}},"branchMap":{},"s":{"0":3,"1":3,"2":3,"3":1},"f":{"0":3,"1":3},"b":{}}
,"/Users/alexandercatagna/Documents/ProyectoJoel/Xtrim-Back-End/src/application/use-cases/lead/UpdateLeadStatusUseCase.ts": {"path":"/Users/alexandercatagna/Documents/ProyectoJoel/Xtrim-Back-End/src/application/use-cases/lead/UpdateLeadStatusUseCase.ts","statementMap":{"0":{"start":{"line":2,"column":0},"end":{"line":2,"column":51}},"1":{"start":{"line":7,"column":12},"end":{"line":7,"column":42}},"2":{"start":{"line":8,"column":12},"end":{"line":8,"column":64}},"3":{"start":{"line":12,"column":17},"end":{"line":12,"column":55}},"4":{"start":{"line":13,"column":4},"end":{"line":15,"column":5}},"5":{"start":{"line":14,"column":6},"end":{"line":14,"column":40}},"6":{"start":{"line":17,"column":24},"end":{"line":17,"column":72}},"7":{"start":{"line":19,"column":4},"end":{"line":25,"column":5}},"8":{"start":{"line":20,"column":6},"end":{"line":24,"column":8}},"9":{"start":{"line":27,"column":4},"end":{"line":27,"column":23}},"10":{"start":{"line":5,"column":0},"end":{"line":5,"column":13}}},"fnMap":{"0":{"name":"(anonymous_0)","decl":{"start":{"line":6,"column":2},"end":{"line":6,"column":null}},"loc":{"start":{"line":8,"column":64},"end":{"line":9,"column":6}}},"1":{"name":"(anonymous_1)","decl":{"start":{"line":11,"column":2},"end":{"line":11,"column":7}},"loc":{"start":{"line":11,"column":46},"end":{"line":28,"column":3}}}},"branchMap":{"0":{"loc":{"start":{"line":13,"column":4},"end":{"line":15,"column":5}},"type":"if","locations":[{"start":{"line":13,"column":4},"end":{"line":15,"column":5}},{"start":{},"end":{}}]},"1":{"loc":{"start":{"line":19,"column":4},"end":{"line":25,"column":5}},"type":"if","locations":[{"start":{"line":19,"column":4},"end":{"line":25,"column":5}},{"start":{},"end":{}}]}},"s":{"0":1,"1":5,"2":5,"3":5,"4":5,"5":1,"6":4,"7":4,"8":2,"9":4,"10":1},"f":{"0":5,"1":5},"b":{"0":[1,4],"1":[2,2]}}
,"/Users/alexandercatagna/Documents/ProyectoJoel/Xtrim-Back-End/src/application/use-cases/notification/CreateNotificationUseCase.ts": {"path":"/Users/alexandercatagna/Documents/ProyectoJoel/Xtrim-Back-End/src/application/use-cases/notification/CreateNotificationUseCase.ts","statementMap":{"0":{"start":{"line":5,"column":22},"end":{"line":5,"column":68}},"1":{"start":{"line":8,"column":39},"end":{"line":13,"column":6}},"2":{"start":{"line":14,"column":4},"end":{"line":14,"column":60}},"3":{"start":{"line":4,"column":0},"end":{"line":4,"column":13}}},"fnMap":{"0":{"name":"(anonymous_0)","decl":{"start":{"line":5,"column":2},"end":{"line":5,"column":22}},"loc":{"start":{"line":5,"column":68},"end":{"line":5,"column":72}}},"1":{"name":"(anonymous_1)","decl":{"start":{"line":7,"column":2},"end":{"line":7,"column":7}},"loc":{"start":{"line":7,"column":60},"end":{"line":15,"column":3}}}},"branchMap":{},"s":{"0":5,"1":2,"2":2,"3":1},"f":{"0":5,"1":2},"b":{}}
,"/Users/alexandercatagna/Documents/ProyectoJoel/Xtrim-Back-End/src/domain/entities/Lead.ts": {"path":"/Users/alexandercatagna/Documents/ProyectoJoel/Xtrim-Back-End/src/domain/entities/Lead.ts","statementMap":{"0":{"start":{"line":1,"column":0},"end":{"line":1,"column":null}},"1":{"start":{"line":2,"column":2},"end":{"line":2,"column":null}},"2":{"start":{"line":3,"column":2},"end":{"line":3,"column":null}},"3":{"start":{"line":4,"column":2},"end":{"line":4,"column":null}},"4":{"start":{"line":5,"column":2},"end":{"line":5,"column":null}},"5":{"start":{"line":6,"column":2},"end":{"line":6,"column":null}}},"fnMap":{"0":{"name":"(anonymous_0)","decl":{"start":{"line":1,"column":0},"end":{"line":1,"column":12}},"loc":{"start":{"line":1,"column":22},"end":{"line":7,"column":1}}}},"branchMap":{"0":{"loc":{"start":{"line":1,"column":12},"end":{"line":1,"column":null}},"type":"binary-expr","locations":[{"start":{"line":1,"column":12},"end":{"line":1,"column":22}},{"start":{"line":1,"column":22},"end":{"line":1,"column":null}}]}},"s":{"0":2,"1":2,"2":2,"3":2,"4":2,"5":2},"f":{"0":2},"b":{"0":[2,2]}}
,"/Users/alexandercatagna/Documents/ProyectoJoel/Xtrim-Back-End/src/infrastructure/config/jwt.ts": {"path":"/Users/alexandercatagna/Documents/ProyectoJoel/Xtrim-Back-End/src/infrastructure/config/jwt.ts","statementMap":{"0":{"start":{"line":1,"column":0},"end":{"line":1,"column":31}},"1":{"start":{"line":6,"column":31},"end":{"line":6,"column":35}},"2":{"start":{"line":9,"column":19},"end":{"line":9,"column":41}},"3":{"start":{"line":10,"column":4},"end":{"line":10,"column":62}},"4":{"start":{"line":10,"column":17},"end":{"line":10,"column":62}},"5":{"start":{"line":11,"column":4},"end":{"line":11,"column":25}},"6":{"start":{"line":15,"column":4},"end":{"line":15,"column":73}},"7":{"start":{"line":19,"column":4},"end":{"line":23,"column":5}},"8":{"start":{"line":20,"column":6},"end":{"line":20,"column":54}},"9":{"start":{"line":22,"column":6},"end":{"line":22,"column":18}},"10":{"start":{"line":4,"column":0},"end":{"line":4,"column":13}}},"fnMap":{"0":{"name":"(anonymous_1)","decl":{"start":{"line":8,"column":2},"end":{"line":8,"column":null}},"loc":{"start":{"line":8,"column":2},"end":{"line":12,"column":3}}},"1":{"name":"(anonymous_2)","decl":{"start":{"line":14,"column":2},"end":{"line":14,"column":15}},"loc":{"start":{"line":14,"column":31},"end":{"line":16,"column":3}}},"2":{"name":"(anonymous_3)","decl":{"start":{"line":18,"column":2},"end":{"line":18,"column":13}},"loc":{"start":{"line":18,"column":27},"end":{"line":24,"column":3}}}},"branchMap":{"0":{"loc":{"start":{"line":10,"column":4},"end":{"line":10,"column":62}},"type":"if","locations":[{"start":{"line":10,"column":4},"end":{"line":10,"column":62}},{"start":{},"end":{}}]}},"s":{"0":2,"1":9,"2":9,"3":9,"4":0,"5":9,"6":5,"7":7,"8":7,"9":5,"10":2},"f":{"0":9,"1":5,"2":7},"b":{"0":[0,9]}}
,"/Users/alexandercatagna/Documents/ProyectoJoel/Xtrim-Back-End/src/infrastructure/middleware/authGuard.ts": {"path":"/Users/alexandercatagna/Documents/ProyectoJoel/Xtrim-Back-End/src/infrastructure/middleware/authGuard.ts","statementMap":{"0":{"start":{"line":2,"column":0},"end":{"line":2,"column":43}},"1":{"start":{"line":6,"column":19},"end":{"line":6,"column":35}},"2":{"start":{"line":8,"column":29},"end":{"line":16,"column":2}},"3":{"start":{"line":8,"column":59},"end":{"line":16,"column":2}},"4":{"start":{"line":18,"column":25},"end":{"line":35,"column":1}},"5":{"start":{"line":19,"column":2},"end":{"line":34,"column":4}},"6":{"start":{"line":20,"column":23},"end":{"line":20,"column":83}},"7":{"start":{"line":22,"column":4},"end":{"line":24,"column":5}},"8":{"start":{"line":23,"column":6},"end":{"line":23,"column":36}},"9":{"start":{"line":26,"column":18},"end":{"line":26,"column":37}},"10":{"start":{"line":27,"column":20},"end":{"line":27,"column":49}},"11":{"start":{"line":29,"column":4},"end":{"line":31,"column":5}},"12":{"start":{"line":30,"column":6},"end":{"line":30,"column":36}},"13":{"start":{"line":33,"column":4},"end":{"line":33,"column":26}},"14":{"start":{"line":18,"column":13},"end":{"line":18,"column":25}}},"fnMap":{"0":{"name":"(anonymous_0)","decl":{"start":{"line":8,"column":29},"end":{"line":8,"column":55}},"loc":{"start":{"line":8,"column":59},"end":{"line":16,"column":2}}},"1":{"name":"(anonymous_1)","decl":{"start":{"line":18,"column":25},"end":{"line":18,"column":26}},"loc":{"start":{"line":18,"column":55},"end":{"line":35,"column":1}}},"2":{"name":"(anonymous_2)","decl":{"start":{"line":19,"column":9},"end":{"line":19,"column":14}},"loc":{"start":{"line":19,"column":79},"end":{"line":34,"column":3}}}},"branchMap":{"0":{"loc":{"start":{"line":20,"column":23},"end":{"line":20,"column":83}},"type":"binary-expr","locations":[{"start":{"line":20,"column":23},"end":{"line":20,"column":51}},{"start":{"line":20,"column":55},"end":{"line":20,"column":83}}]},"1":{"loc":{"start":{"line":22,"column":4},"end":{"line":24,"column":5}},"type":"if","locations":[{"start":{"line":22,"column":4},"end":{"line":24,"column":5}},{"start":{},"end":{}}]},"2":{"loc":{"start":{"line":29,"column":4},"end":{"line":31,"column":5}},"type":"if","locations":[{"start":{"line":29,"column":4},"end":{"line":31,"column":5}},{"start":{},"end":{}}]}},"s":{"0":1,"1":1,"2":1,"3":4,"4":1,"5":5,"6":5,"7":5,"8":2,"9":3,"10":3,"11":3,"12":2,"13":1,"14":1},"f":{"0":4,"1":5,"2":5},"b":{"0":[5,1],"1":[2,3],"2":[2,1]}}
}
