TN:
SF:src/application/use-cases/auth/LoginUseCase.ts
FN:4,(anonymous_0)
FN:6,(anonymous_1)
FNF:2
FNH:2
FNDA:5,(anonymous_0)
FNDA:5,(anonymous_1)
DA:3,1
DA:4,5
DA:7,5
DA:8,5
DA:10,5
DA:11,4
DA:14,1
DA:15,1
LF:8
LH:8
BRDA:10,0,0,4
BRDA:10,0,1,1
BRDA:10,1,0,5
BRDA:10,1,1,3
BRF:4
BRH:4
end_of_record
TN:
SF:src/application/use-cases/lead/CreateLeadUseCase.ts
FN:5,(anonymous_0)
FN:7,(anonymous_1)
FNF:2
FNH:2
FNDA:3,(anonymous_0)
FNDA:3,(anonymous_1)
DA:4,1
DA:5,3
DA:8,3
DA:9,3
LF:4
LH:4
BRF:0
BRH:0
end_of_record
TN:
SF:src/application/use-cases/lead/UpdateLeadStatusUseCase.ts
FN:6,(anonymous_0)
FN:11,(anonymous_1)
FNF:2
FNH:2
FNDA:5,(anonymous_0)
FNDA:5,(anonymous_1)
DA:2,1
DA:5,1
DA:7,5
DA:8,5
DA:12,5
DA:13,5
DA:14,1
DA:17,4
DA:19,4
DA:20,2
DA:27,4
LF:11
LH:11
BRDA:13,0,0,1
BRDA:13,0,1,4
BRDA:19,1,0,2
BRDA:19,1,1,2
BRF:4
BRH:4
end_of_record
TN:
SF:src/application/use-cases/notification/CreateNotificationUseCase.ts
FN:5,(anonymous_0)
FN:7,(anonymous_1)
FNF:2
FNH:2
FNDA:5,(anonymous_0)
FNDA:2,(anonymous_1)
DA:4,1
DA:5,5
DA:8,2
DA:14,2
LF:4
LH:4
BRF:0
BRH:0
end_of_record
TN:
SF:src/domain/entities/Lead.ts
FN:1,(anonymous_0)
FNF:1
FNH:1
FNDA:2,(anonymous_0)
DA:1,2
DA:2,2
DA:3,2
DA:4,2
DA:5,2
DA:6,2
LF:6
LH:6
BRDA:1,0,0,2
BRDA:1,0,1,2
BRF:2
BRH:2
end_of_record
TN:
SF:src/infrastructure/config/jwt.ts
FN:8,(anonymous_1)
FN:14,(anonymous_2)
FN:18,(anonymous_3)
FNF:3
FNH:3
FNDA:9,(anonymous_1)
FNDA:5,(anonymous_2)
FNDA:7,(anonymous_3)
DA:1,2
DA:4,2
DA:6,9
DA:9,9
DA:10,9
DA:11,9
DA:15,5
DA:19,7
DA:20,7
DA:22,5
LF:10
LH:10
BRDA:10,0,0,0
BRDA:10,0,1,9
BRF:2
BRH:1
end_of_record
TN:
SF:src/infrastructure/middleware/authGuard.ts
FN:8,(anonymous_0)
FN:18,(anonymous_1)
FN:19,(anonymous_2)
FNF:3
FNH:3
FNDA:4,(anonymous_0)
FNDA:5,(anonymous_1)
FNDA:5,(anonymous_2)
DA:2,1
DA:6,1
DA:8,4
DA:18,1
DA:19,5
DA:20,5
DA:22,5
DA:23,2
DA:26,3
DA:27,3
DA:29,3
DA:30,2
DA:33,1
LF:13
LH:13
BRDA:20,0,0,5
BRDA:20,0,1,1
BRDA:22,1,0,2
BRDA:22,1,1,3
BRDA:29,2,0,2
BRDA:29,2,1,1
BRF:6
BRH:6
end_of_record
